<?xml version="1.0" encoding="UTF-8"?>
<testsuite name="com.tavisca.workshops.dokumar.InputParseTest" tests="14" skipped="0" failures="0" errors="0" timestamp="2019-10-03T16:25:57" hostname="RENTLAPT0096" time="0.403">
  <properties/>
  <testcase name="isRomanNumeralValid()" classname="com.tavisca.workshops.dokumar.InputParseTest" time="0.041"/>
  <testcase name="isStatementHasNumber()" classname="com.tavisca.workshops.dokumar.InputParseTest" time="0.016"/>
  <testcase name="isRomanSymbolsAndValuesAreCorrect()" classname="com.tavisca.workshops.dokumar.InputParseTest" time="0.058"/>
  <testcase name="canParseItemStatementPrice()" classname="com.tavisca.workshops.dokumar.InputParseTest" time="0.016"/>
  <testcase name="canParseNumberStatement()" classname="com.tavisca.workshops.dokumar.InputParseTest" time="0.011"/>
  <testcase name="isSentenceToRoman()" classname="com.tavisca.workshops.dokumar.InputParseTest" time="0.013"/>
  <testcase name="merchantParserTest()" classname="com.tavisca.workshops.dokumar.InputParseTest" time="0.076"/>
  <testcase name="canConvertRomanToDecimal()" classname="com.tavisca.workshops.dokumar.InputParseTest" time="0.019"/>
  <testcase name="isSentenceContainedHowMuchQuestionSolved()" classname="com.tavisca.workshops.dokumar.InputParseTest" time="0.024"/>
  <testcase name="isSentenceContainedHowManyTypeQuestionSolved()" classname="com.tavisca.workshops.dokumar.InputParseTest" time="0.02"/>
  <testcase name="canParseSentenceContainingHowMany()" classname="com.tavisca.workshops.dokumar.InputParseTest" time="0.002"/>
  <testcase name="canParseSentenceContainingHowMuch()" classname="com.tavisca.workshops.dokumar.InputParseTest" time="0.002"/>
  <testcase name="isItemAndCreditsAreMapped()" classname="com.tavisca.workshops.dokumar.InputParseTest" time="0.019"/>
  <testcase name="isSolveUnknownQuery()" classname="com.tavisca.workshops.dokumar.InputParseTest" time="0.008"/>
  <system-out><![CDATA[Gold=>14450.0
Iron=>195.5
Silver=>17.0
Gold=>14450.0
Iron=>195.5
Gold=>14450.0
Iron=>195.5
Silver=>17.0
Gold=>14450.0
Iron=>195.5
]]></system-out>
  <system-err><![CDATA[]]></system-err>
</testsuite>
