<?xml version="1.0" encoding="UTF-8"?>
<testsuite name="com.tavisca.workshops.dokumar.InputParseTest" tests="13" skipped="0" failures="0" errors="0" timestamp="2019-08-16T05:17:50" hostname="RENTLAPT0096" time="0.257">
  <properties/>
  <testcase name="isRomanNumeralValid()" classname="com.tavisca.workshops.dokumar.InputParseTest" time="0.044"/>
  <testcase name="isStatementHasNumber()" classname="com.tavisca.workshops.dokumar.InputParseTest" time="0.013"/>
  <testcase name="isRomanSymbolsAndValuesAreCorrect()" classname="com.tavisca.workshops.dokumar.InputParseTest" time="0.014"/>
  <testcase name="canParseItemStatementPrice()" classname="com.tavisca.workshops.dokumar.InputParseTest" time="0.072"/>
  <testcase name="canParseNumberStatement()" classname="com.tavisca.workshops.dokumar.InputParseTest" time="0.005"/>
  <testcase name="isSentenceToRoman()" classname="com.tavisca.workshops.dokumar.InputParseTest" time="0.008"/>
  <testcase name="canConvertRomanToDecimal()" classname="com.tavisca.workshops.dokumar.InputParseTest" time="0.005"/>
  <testcase name="isSentenceContainedHowMuchQuestionSolved()" classname="com.tavisca.workshops.dokumar.InputParseTest" time="0.017"/>
  <testcase name="isSentenceContainedHowManyTypeQuestionSolved()" classname="com.tavisca.workshops.dokumar.InputParseTest" time="0.004"/>
  <testcase name="canParseSentenceContainingHowMany()" classname="com.tavisca.workshops.dokumar.InputParseTest" time="0.004"/>
  <testcase name="canParseSentenceContainingHowMuch()" classname="com.tavisca.workshops.dokumar.InputParseTest" time="0.004"/>
  <testcase name="isItemAndCreditsAreMapped()" classname="com.tavisca.workshops.dokumar.InputParseTest" time="0.021"/>
  <testcase name="isSolveUnknownQuery()" classname="com.tavisca.workshops.dokumar.InputParseTest" time="0.0"/>
  <system-out><![CDATA[]]></system-out>
  <system-err><![CDATA[]]></system-err>
</testsuite>
