<?xml version="1.0" encoding="UTF-8"?>
<testsuite name="com.tavisca.workshops.dokumar.InputParseTest" tests="13" skipped="0" failures="0" errors="0" timestamp="2019-08-13T17:42:38" hostname="RENTLAPT0096" time="0.205">
  <properties/>
  <testcase name="isRomanNumeralValid()" classname="com.tavisca.workshops.dokumar.InputParseTest" time="0.039"/>
  <testcase name="isStatementHasNumber()" classname="com.tavisca.workshops.dokumar.InputParseTest" time="0.015"/>
  <testcase name="isRomanSymbolsAndValuesAreCorrect()" classname="com.tavisca.workshops.dokumar.InputParseTest" time="0.009"/>
  <testcase name="canParseItemStatementPrice()" classname="com.tavisca.workshops.dokumar.InputParseTest" time="0.007"/>
  <testcase name="canParseNumberStatement()" classname="com.tavisca.workshops.dokumar.InputParseTest" time="0.002"/>
  <testcase name="isSentenceToRoman()" classname="com.tavisca.workshops.dokumar.InputParseTest" time="0.036"/>
  <testcase name="canConvertRomanToDecimal()" classname="com.tavisca.workshops.dokumar.InputParseTest" time="0.001"/>
  <testcase name="isSentenceContainedHowMuchQuestionSolved()" classname="com.tavisca.workshops.dokumar.InputParseTest" time="0.014"/>
  <testcase name="isSentenceContainedHowManyTypeQuestionSolved()" classname="com.tavisca.workshops.dokumar.InputParseTest" time="0.05"/>
  <testcase name="canParseSentenceContainingHowMany()" classname="com.tavisca.workshops.dokumar.InputParseTest" time="0.002"/>
  <testcase name="canParseSentenceContainingHowMuch()" classname="com.tavisca.workshops.dokumar.InputParseTest" time="0.004"/>
  <testcase name="isItemAndCreditsAreMapped()" classname="com.tavisca.workshops.dokumar.InputParseTest" time="0.006"/>
  <testcase name="isSolveUnknownQuery()" classname="com.tavisca.workshops.dokumar.InputParseTest" time="0.004"/>
  <system-out><![CDATA[]]></system-out>
  <system-err><![CDATA[]]></system-err>
</testsuite>
